Magic Leap Test/Library/Bee/Android/Prj/IL2CPP/Gradle/launcher/build/intermediates/manifest_merge_blame_file/release/manifest-merger-blame-release-report.txt
1<?xml version="1.0" encoding="utf-8"?>
2<manifest xmlns:android="http://schemas.android.com/apk/res/android"
3    package="com.Wafflekiller.MagicLeapTest"
4    android:installLocation="preferExternal"
5    android:versionCode="1"
6    android:versionName="0.1" >
7
8    <uses-sdk
9        android:minSdkVersion="29"
9-->src\main\AndroidManifest.xml
10        android:targetSdkVersion="32" />
10-->src\main\AndroidManifest.xml
11
12    <supports-screens
12-->src\main\AndroidManifest.xml:4:3-163
13        android:anyDensity="true"
13-->src\main\AndroidManifest.xml:4:135-160
14        android:largeScreens="true"
14-->src\main\AndroidManifest.xml:4:78-105
15        android:normalScreens="true"
15-->src\main\AndroidManifest.xml:4:49-77
16        android:smallScreens="true"
16-->src\main\AndroidManifest.xml:4:21-48
17        android:xlargeScreens="true" />
17-->src\main\AndroidManifest.xml:4:106-134
18
19    <uses-permission android:name="com.magicleap.permission.HAND_TRACKING" />
19-->[:unityLibrary] AndroidManifest.xml:10:5-78
19-->[:unityLibrary] AndroidManifest.xml:10:22-75
20    <uses-permission android:name="android.permission.CAMERA" />
20-->[:unityLibrary] AndroidManifest.xml:11:5-65
20-->[:unityLibrary] AndroidManifest.xml:11:22-62
21    <uses-permission android:name="android.permission.INTERNET" />
21-->[:unityLibrary] AndroidManifest.xml:12:5-67
21-->[:unityLibrary] AndroidManifest.xml:12:22-64
22
23    <uses-feature
23-->[:unityLibrary] AndroidManifest.xml:14:5-16:35
24        android:name="android.hardware.vulkan.version"
24-->[:unityLibrary] AndroidManifest.xml:15:9-55
25        android:required="true" />
25-->[:unityLibrary] AndroidManifest.xml:16:9-32
26    <uses-feature
26-->[:unityLibrary] AndroidManifest.xml:17:5-19:36
27        android:name="android.hardware.touchscreen"
27-->[:unityLibrary] AndroidManifest.xml:18:9-52
28        android:required="false" />
28-->[:unityLibrary] AndroidManifest.xml:19:9-33
29    <uses-feature
29-->[:unityLibrary] AndroidManifest.xml:20:5-22:36
30        android:name="android.hardware.touchscreen.multitouch"
30-->[:unityLibrary] AndroidManifest.xml:21:9-63
31        android:required="false" />
31-->[:unityLibrary] AndroidManifest.xml:22:9-33
32    <uses-feature
32-->[:unityLibrary] AndroidManifest.xml:23:5-25:36
33        android:name="android.hardware.touchscreen.multitouch.distinct"
33-->[:unityLibrary] AndroidManifest.xml:24:9-72
34        android:required="false" />
34-->[:unityLibrary] AndroidManifest.xml:25:9-33
35
36    <uses-permission android:name="org.khronos.openxr.permission.OPENXR_SYSTEM" />
36-->[:unityLibrary] AndroidManifest.xml:27:5-83
36-->[:unityLibrary] AndroidManifest.xml:27:22-80
37    <!--
38  Copyright (c) 2020-2023, The Khronos Group Inc.
39  SPDX-License-Identifier: Apache-2.0 OR MIT
40    -->
41    <uses-permission android:name="org.khronos.openxr.permission.OPENXR" />
41-->[:openxr_loader:] AndroidManifest.xml:10:3-74
41-->[:openxr_loader:] AndroidManifest.xml:10:20-71
42
43    <queries>
43-->[:openxr_loader:] AndroidManifest.xml:13:3-24:13
44
45        <!-- to talk to the broker -->
46        <provider android:authorities="org.khronos.openxr.runtime_broker;org.khronos.openxr.system_runtime_broker" />
46-->[:openxr_loader:] AndroidManifest.xml:15:5-114
46-->[:openxr_loader:] AndroidManifest.xml:15:15-111
47
48        <!-- so client-side code of runtime/layers can talk to their service sides -->
49        <intent>
49-->[:openxr_loader:] AndroidManifest.xml:18:5-20:14
50            <action android:name="org.khronos.openxr.OpenXRRuntimeService" />
50-->[:openxr_loader:] AndroidManifest.xml:19:7-72
50-->[:openxr_loader:] AndroidManifest.xml:19:15-69
51        </intent>
52        <intent>
52-->[:openxr_loader:] AndroidManifest.xml:21:5-23:14
53            <action android:name="org.khronos.openxr.OpenXRApiLayerService" />
53-->[:openxr_loader:] AndroidManifest.xml:22:7-73
53-->[:openxr_loader:] AndroidManifest.xml:22:15-70
54        </intent>
55    </queries>
56
57    <uses-permission android:name="android.permission.WRITE_EXTERNAL_STORAGE" />
58    <uses-permission android:name="android.permission.READ_PHONE_STATE" />
59    <uses-permission android:name="android.permission.READ_EXTERNAL_STORAGE" />
60
61    <uses-feature
61-->[:unityLibrary:xrmanifest.androidlib] AndroidManifest.xml:9:5-12:31
62        android:name="android.hardware.vr.headtracking"
62-->[:unityLibrary:xrmanifest.androidlib] AndroidManifest.xml:10:9-56
63        android:required="true"
63-->[:unityLibrary:xrmanifest.androidlib] AndroidManifest.xml:11:9-32
64        android:version="1" />
64-->[:unityLibrary:xrmanifest.androidlib] AndroidManifest.xml:12:9-28
65
66    <application
66-->src\main\AndroidManifest.xml:3:3-83
67        android:extractNativeLibs="true"
67-->[:unityLibrary] AndroidManifest.xml:29:18-50
68        android:icon="@mipmap/app_icon"
68-->src\main\AndroidManifest.xml:3:49-80
69        android:label="@string/app_name" >
69-->src\main\AndroidManifest.xml:3:16-48
70        <meta-data
70-->[:unityLibrary] AndroidManifest.xml:30:9-32:33
71            android:name="unity.splash-mode"
71-->[:unityLibrary] AndroidManifest.xml:31:13-45
72            android:value="0" />
72-->[:unityLibrary] AndroidManifest.xml:32:13-30
73        <meta-data
73-->[:unityLibrary] AndroidManifest.xml:33:9-35:36
74            android:name="unity.splash-enable"
74-->[:unityLibrary] AndroidManifest.xml:34:13-47
75            android:value="True" />
75-->[:unityLibrary] AndroidManifest.xml:35:13-33
76        <meta-data
76-->[:unityLibrary] AndroidManifest.xml:36:9-38:36
77            android:name="unity.launch-fullscreen"
77-->[:unityLibrary] AndroidManifest.xml:37:13-51
78            android:value="True" />
78-->[:unityLibrary] AndroidManifest.xml:38:13-33
79        <meta-data
79-->[:unityLibrary] AndroidManifest.xml:39:9-41:37
80            android:name="unity.allow-resizable-window"
80-->[:unityLibrary] AndroidManifest.xml:40:13-56
81            android:value="False" />
81-->[:unityLibrary] AndroidManifest.xml:41:13-34
82        <meta-data
82-->[:unityLibrary] AndroidManifest.xml:42:9-44:50
83            android:name="notch.config"
83-->[:unityLibrary] AndroidManifest.xml:43:13-40
84            android:value="portrait|landscape" />
84-->[:unityLibrary] AndroidManifest.xml:44:13-47
85        <meta-data
85-->[:unityLibrary] AndroidManifest.xml:45:9-47:36
86            android:name="unity.auto-report-fully-drawn"
86-->[:unityLibrary] AndroidManifest.xml:46:13-57
87            android:value="true" />
87-->[:unityLibrary] AndroidManifest.xml:47:13-33
88
89        <activity
89-->[:unityLibrary] AndroidManifest.xml:49:9-73:20
90            android:name="com.unity3d.player.UnityPlayerActivity"
90-->[:unityLibrary] AndroidManifest.xml:50:13-66
91            android:configChanges="mcc|mnc|locale|touchscreen|keyboard|keyboardHidden|navigation|orientation|screenLayout|uiMode|screenSize|smallestScreenSize|fontScale|layoutDirection|density"
91-->[:unityLibrary] AndroidManifest.xml:51:13-194
92            android:exported="true"
92-->[:unityLibrary] AndroidManifest.xml:52:13-36
93            android:hardwareAccelerated="false"
93-->[:unityLibrary] AndroidManifest.xml:53:13-48
94            android:launchMode="singleTask"
94-->[:unityLibrary] AndroidManifest.xml:54:13-44
95            android:resizeableActivity="false"
95-->[:unityLibrary] AndroidManifest.xml:55:13-47
96            android:screenOrientation="fullUser"
96-->[:unityLibrary] AndroidManifest.xml:56:13-49
97            android:theme="@style/UnityThemeSelector" >
97-->[:unityLibrary] AndroidManifest.xml:57:13-54
98            <intent-filter>
98-->[:unityLibrary] AndroidManifest.xml:58:13-65:29
99                <category android:name="android.intent.category.LAUNCHER" />
99-->[:unityLibrary] AndroidManifest.xml:59:17-77
99-->[:unityLibrary] AndroidManifest.xml:59:27-74
100
101                <action android:name="android.intent.action.MAIN" />
101-->[:unityLibrary] AndroidManifest.xml:61:17-69
101-->[:unityLibrary] AndroidManifest.xml:61:25-66
102
103                <category android:name="org.khronos.openxr.intent.category.IMMERSIVE_HMD" />
103-->[:unityLibrary] AndroidManifest.xml:63:17-93
103-->[:unityLibrary] AndroidManifest.xml:63:27-90
104                <category android:name="com.oculus.intent.category.VR" />
104-->[:unityLibrary] AndroidManifest.xml:64:17-74
104-->[:unityLibrary] AndroidManifest.xml:64:27-71
105            </intent-filter>
106
107            <meta-data
107-->[:unityLibrary] AndroidManifest.xml:67:13-69:40
108                android:name="unityplayer.UnityActivity"
108-->[:unityLibrary] AndroidManifest.xml:68:17-57
109                android:value="true" />
109-->[:unityLibrary] AndroidManifest.xml:69:17-37
110            <meta-data
110-->[:unityLibrary] AndroidManifest.xml:70:13-72:40
111                android:name="notch_support"
111-->[:unityLibrary] AndroidManifest.xml:71:17-45
112                android:value="true" />
112-->[:unityLibrary] AndroidManifest.xml:72:17-37
113            <meta-data
113-->[:unityLibrary:xrmanifest.androidlib] AndroidManifest.xml:16:13-18:40
114                android:name="com.oculus.vr.focusaware"
114-->[:unityLibrary:xrmanifest.androidlib] AndroidManifest.xml:17:17-56
115                android:value="true" />
115-->[:unityLibrary:xrmanifest.androidlib] AndroidManifest.xml:18:17-37
116        </activity>
117
118        <meta-data
118-->[:unityLibrary:xrmanifest.androidlib] AndroidManifest.xml:21:9-23:52
119            android:name="com.oculus.supportedDevices"
119-->[:unityLibrary:xrmanifest.androidlib] AndroidManifest.xml:22:13-55
120            android:value="quest|quest2|cambria" />
120-->[:unityLibrary:xrmanifest.androidlib] AndroidManifest.xml:23:13-49
121    </application>
122
123</manifest>